[2023-08-21 22:17:14,615] multiqc                                            [DEBUG  ]  This is MultiQC v1.12
[2023-08-21 22:17:14,618] multiqc                                            [DEBUG  ]  No MultiQC config found: /sw/bioinfo/MultiQC/1.12/rackham/lib/python3.8/site-packages/multiqc_config.yaml
[2023-08-21 22:17:14,619] multiqc                                            [DEBUG  ]  No MultiQC config found: /home/samuraii/.multiqc_config.yaml
[2023-08-21 22:17:14,620] multiqc                                            [DEBUG  ]  No MultiQC config found: multiqc_config.yaml
[2023-08-21 22:17:14,620] multiqc                                            [DEBUG  ]  Command used: /sw/bioinfo/MultiQC/1.12/snowy/bin/multiqc /home/samuraii/genome-analysis-vt23/analyses/04_RNA_preprocessing/fastqc_raw/ERR2036629_1_fastqc.zip /home/samuraii/genome-analysis-vt23/analyses/04_RNA_preprocessing/fastqc_raw/ERR2036629_2_fastqc.zip /home/samuraii/genome-analysis-vt23/analyses/04_RNA_preprocessing/fastqc_raw/ERR2036630_1_fastqc.zip /home/samuraii/genome-analysis-vt23/analyses/04_RNA_preprocessing/fastqc_raw/ERR2036630_2_fastqc.zip /home/samuraii/genome-analysis-vt23/analyses/04_RNA_preprocessing/fastqc_raw/ERR2036631_1_fastqc.zip /home/samuraii/genome-analysis-vt23/analyses/04_RNA_preprocessing/fastqc_raw/ERR2036631_2_fastqc.zip /home/samuraii/genome-analysis-vt23/analyses/04_RNA_preprocessing/fastqc_raw/ERR2036632_1_fastqc.zip /home/samuraii/genome-analysis-vt23/analyses/04_RNA_preprocessing/fastqc_raw/ERR2036632_2_fastqc.zip /home/samuraii/genome-analysis-vt23/analyses/04_RNA_preprocessing/fastqc_raw/ERR2036633_1_fastqc.zip /home/samuraii/genome-analysis-vt23/analyses/04_RNA_preprocessing/fastqc_raw/ERR2036633_2_fastqc.zip
[2023-08-21 22:17:15,486] multiqc                                            [WARNING]  MultiQC Version v1.15 now available!
[2023-08-21 22:17:15,486] multiqc                                            [DEBUG  ]  Command     : /sw/bioinfo/MultiQC/1.12/snowy/bin/multiqc /home/samuraii/genome-analysis-vt23/analyses/04_RNA_preprocessing/fastqc_raw/ERR2036629_1_fastqc.zip /home/samuraii/genome-analysis-vt23/analyses/04_RNA_preprocessing/fastqc_raw/ERR2036629_2_fastqc.zip /home/samuraii/genome-analysis-vt23/analyses/04_RNA_preprocessing/fastqc_raw/ERR2036630_1_fastqc.zip /home/samuraii/genome-analysis-vt23/analyses/04_RNA_preprocessing/fastqc_raw/ERR2036630_2_fastqc.zip /home/samuraii/genome-analysis-vt23/analyses/04_RNA_preprocessing/fastqc_raw/ERR2036631_1_fastqc.zip /home/samuraii/genome-analysis-vt23/analyses/04_RNA_preprocessing/fastqc_raw/ERR2036631_2_fastqc.zip /home/samuraii/genome-analysis-vt23/analyses/04_RNA_preprocessing/fastqc_raw/ERR2036632_1_fastqc.zip /home/samuraii/genome-analysis-vt23/analyses/04_RNA_preprocessing/fastqc_raw/ERR2036632_2_fastqc.zip /home/samuraii/genome-analysis-vt23/analyses/04_RNA_preprocessing/fastqc_raw/ERR2036633_1_fastqc.zip /home/samuraii/genome-analysis-vt23/analyses/04_RNA_preprocessing/fastqc_raw/ERR2036633_2_fastqc.zip
[2023-08-21 22:17:15,486] multiqc                                            [DEBUG  ]  Working dir : /domus/h1/samuraii/genome-analysis-vt23/code/04_RNA_preprocessing
[2023-08-21 22:17:15,487] multiqc                                            [DEBUG  ]  Template    : default
[2023-08-21 22:17:15,487] multiqc                                            [DEBUG  ]  Running Python 3.8.7 (default, Feb  1 2021, 11:54:01)  [GCC 8.3.0]
[2023-08-21 22:17:15,488] multiqc                                            [DEBUG  ]  Analysing modules: custom_content, ccs, ngsderive, purple, conpair, lima, peddy, somalier, methylQA, mosdepth, phantompeakqualtools, qualimap, preseq, quast, qorts, rna_seqc, rockhopper, rsem, rseqc, busco, bustools, goleft_indexcov, gffcompare, disambiguate, supernova, deeptools, sargasso, verifybamid, mirtrace, happy, mirtop, sambamba, homer, hops, macs2, theta2, snpeff, gatk, htseq, bcftools, featureCounts, fgbio, dragen, dedup, pbmarkdup, damageprofiler, biobambam2, jcvi, mtnucratio, picard, vep, sentieon, prokka, qc3C, nanostat, samblaster, samtools, sexdeterrmine, eigenstratdatabasetools, bamtools, jellyfish, vcftools, longranger, stacks, varscan2, snippy, bbmap, bismark, biscuit, hicexplorer, hicup, hicpro, salmon, kallisto, slamdunk, star, hisat2, tophat, bowtie2, bowtie1, snpsplit, odgi, pangolin, kat, leehom, adapterRemoval, clipandmerge, cutadapt, flexbar, kaiju, kraken, malt, trimmomatic, sickle, skewer, sortmerna, biobloomtools, fastq_screen, afterqc, fastp, fastqc, pychopper, pycoqc, minionqc, multivcfanalyzer, clusterflow, checkqc, bcl2fastq, bclconvert, interop, ivar, flash, seqyclean, optitype, whatshap
[2023-08-21 22:17:15,488] multiqc                                            [DEBUG  ]  Using temporary directory for creating report: /scratch/8140546/tmpc2h7_fim
[2023-08-21 22:17:16,986] multiqc                                            [INFO   ]  Search path : /home/samuraii/genome-analysis-vt23/analyses/04_RNA_preprocessing/fastqc_raw/ERR2036629_1_fastqc.zip
[2023-08-21 22:17:16,987] multiqc                                            [INFO   ]  Search path : /home/samuraii/genome-analysis-vt23/analyses/04_RNA_preprocessing/fastqc_raw/ERR2036629_2_fastqc.zip
[2023-08-21 22:17:16,987] multiqc                                            [INFO   ]  Search path : /home/samuraii/genome-analysis-vt23/analyses/04_RNA_preprocessing/fastqc_raw/ERR2036630_1_fastqc.zip
[2023-08-21 22:17:16,987] multiqc                                            [INFO   ]  Search path : /home/samuraii/genome-analysis-vt23/analyses/04_RNA_preprocessing/fastqc_raw/ERR2036630_2_fastqc.zip
[2023-08-21 22:17:16,987] multiqc                                            [INFO   ]  Search path : /home/samuraii/genome-analysis-vt23/analyses/04_RNA_preprocessing/fastqc_raw/ERR2036631_1_fastqc.zip
[2023-08-21 22:17:16,988] multiqc                                            [INFO   ]  Search path : /home/samuraii/genome-analysis-vt23/analyses/04_RNA_preprocessing/fastqc_raw/ERR2036631_2_fastqc.zip
[2023-08-21 22:17:16,988] multiqc                                            [INFO   ]  Search path : /home/samuraii/genome-analysis-vt23/analyses/04_RNA_preprocessing/fastqc_raw/ERR2036632_1_fastqc.zip
[2023-08-21 22:17:16,988] multiqc                                            [INFO   ]  Search path : /home/samuraii/genome-analysis-vt23/analyses/04_RNA_preprocessing/fastqc_raw/ERR2036632_2_fastqc.zip
[2023-08-21 22:17:16,988] multiqc                                            [INFO   ]  Search path : /home/samuraii/genome-analysis-vt23/analyses/04_RNA_preprocessing/fastqc_raw/ERR2036633_1_fastqc.zip
[2023-08-21 22:17:16,988] multiqc                                            [INFO   ]  Search path : /home/samuraii/genome-analysis-vt23/analyses/04_RNA_preprocessing/fastqc_raw/ERR2036633_2_fastqc.zip
[2023-08-21 22:17:29,298] multiqc.plots.linegraph                            [DEBUG  ]  Using matplotlib version 3.3.4
[2023-08-21 22:17:29,352] multiqc.plots.bargraph                             [DEBUG  ]  Using matplotlib version 3.3.4
[2023-08-21 22:17:32,200] multiqc.modules.fastqc.fastqc                      [INFO   ]  Found 10 reports
[2023-08-21 22:17:32,735] multiqc                                            [INFO   ]  Compressing plot data
[2023-08-21 22:17:33,087] multiqc                                            [INFO   ]  Report      : multiqc_report.html
[2023-08-21 22:17:33,087] multiqc                                            [INFO   ]  Data        : multiqc_data
[2023-08-21 22:17:33,088] multiqc                                            [DEBUG  ]  Moving data file from '/scratch/8140546/tmpc2h7_fim/multiqc_data' to '/domus/h1/samuraii/genome-analysis-vt23/code/04_RNA_preprocessing/multiqc_data'
[2023-08-21 22:17:34,265] multiqc                                            [INFO   ]  MultiQC complete
